<?xml version="1.0" encoding="UTF-8"?>
<coverage generated="1781212729638" clover="3.2.0">
  <project timestamp="1781212729638" name="All files">
    <metrics statements="38" coveredstatements="38" conditionals="11" coveredconditionals="11" methods="5" coveredmethods="5" elements="54" coveredelements="54" complexity="0" loc="38" ncloc="38" packages="2" files="2" classes="2"/>
    <package name="services">
      <metrics statements="37" coveredstatements="37" conditionals="11" coveredconditionals="11" methods="5" coveredmethods="5"/>
      <file name="usuarios.service.ts" path="/home/josu/Code/grupo-12/src/services/usuarios.service.ts">
        <metrics statements="37" coveredstatements="37" conditionals="11" coveredconditionals="11" methods="5" coveredmethods="5"/>
        <line num="15" count="1" type="stmt"/>
        <line num="21" count="1" type="stmt"/>
        <line num="35" count="1" type="stmt"/>
        <line num="37" count="2" type="stmt"/>
        <line num="47" count="2" type="cond" truecount="1" falsecount="0"/>
        <line num="48" count="1" type="stmt"/>
        <line num="51" count="1" type="stmt"/>
        <line num="66" count="1" type="stmt"/>
        <line num="68" count="2" type="stmt"/>
        <line num="78" count="2" type="cond" truecount="1" falsecount="0"/>
        <line num="79" count="1" type="stmt"/>
        <line num="82" count="1" type="stmt"/>
        <line num="97" count="1" type="stmt"/>
        <line num="99" count="2" type="stmt"/>
        <line num="109" count="2" type="cond" truecount="1" falsecount="0"/>
        <line num="110" count="1" type="stmt"/>
        <line num="113" count="1" type="stmt"/>
        <line num="127" count="1" type="stmt"/>
        <line num="128" count="3" type="stmt"/>
        <line num="134" count="3" type="cond" truecount="1" falsecount="0"/>
        <line num="135" count="1" type="stmt"/>
        <line num="138" count="2" type="stmt"/>
        <line num="161" count="1" type="stmt"/>
        <line num="162" count="5" type="stmt"/>
        <line num="164" count="5" type="cond" truecount="1" falsecount="0"/>
        <line num="165" count="2" type="stmt"/>
        <line num="168" count="5" type="cond" truecount="1" falsecount="0"/>
        <line num="169" count="1" type="stmt"/>
        <line num="172" count="5" type="cond" truecount="1" falsecount="0"/>
        <line num="173" count="2" type="stmt"/>
        <line num="176" count="5" type="cond" truecount="1" falsecount="0"/>
        <line num="177" count="1" type="stmt"/>
        <line num="178" count="1" type="stmt"/>
        <line num="181" count="5" type="stmt"/>
        <line num="183" count="5" type="cond" truecount="1" falsecount="0"/>
        <line num="184" count="1" type="stmt"/>
        <line num="187" count="4" type="cond" truecount="2" falsecount="0"/>
      </file>
    </package>
    <package name="utils">
      <metrics statements="1" coveredstatements="1" conditionals="0" coveredconditionals="0" methods="0" coveredmethods="0"/>
      <file name="roles.ts" path="/home/josu/Code/grupo-12/src/utils/roles.ts">
        <metrics statements="1" coveredstatements="1" conditionals="0" coveredconditionals="0" methods="0" coveredmethods="0"/>
        <line num="3" count="1" type="stmt"/>
      </file>
    </package>
  </project>
</coverage>
