{"/home/josu/Code/grupo-12/src/services/usuarios.service.ts": {"path":"/home/josu/Code/grupo-12/src/services/usuarios.service.ts","statementMap":{"0":{"start":{"line":35,"column":0},"end":{"line":35,"column":7}},"1":{"start":{"line":66,"column":0},"end":{"line":66,"column":7}},"2":{"start":{"line":97,"column":0},"end":{"line":97,"column":7}},"3":{"start":{"line":127,"column":0},"end":{"line":127,"column":7}},"4":{"start":{"line":161,"column":0},"end":{"line":161,"column":7}},"5":{"start":{"line":15,"column":0},"end":{"line":15,"column":43}},"6":{"start":{"line":21,"column":0},"end":{"line":21,"column":45}},"7":{"start":{"line":37,"column":26},"end":{"line":45,"column":13}},"8":{"start":{"line":47,"column":2},"end":{"line":49,"column":3}},"9":{"start":{"line":48,"column":4},"end":{"line":48,"column":72}},"10":{"start":{"line":51,"column":2},"end":{"line":51,"column":14}},"11":{"start":{"line":68,"column":26},"end":{"line":76,"column":13}},"12":{"start":{"line":78,"column":2},"end":{"line":80,"column":3}},"13":{"start":{"line":79,"column":4},"end":{"line":79,"column":66}},"14":{"start":{"line":82,"column":2},"end":{"line":82,"column":14}},"15":{"start":{"line":99,"column":26},"end":{"line":107,"column":13}},"16":{"start":{"line":109,"column":2},"end":{"line":111,"column":3}},"17":{"start":{"line":110,"column":4},"end":{"line":110,"column":64}},"18":{"start":{"line":113,"column":2},"end":{"line":113,"column":14}},"19":{"start":{"line":128,"column":26},"end":{"line":132,"column":18}},"20":{"start":{"line":134,"column":2},"end":{"line":136,"column":3}},"21":{"start":{"line":135,"column":4},"end":{"line":135,"column":76}},"22":{"start":{"line":138,"column":2},"end":{"line":138,"column":32}},"23":{"start":{"line":162,"column":14},"end":{"line":162,"column":48}},"24":{"start":{"line":164,"column":2},"end":{"line":166,"column":3}},"25":{"start":{"line":165,"column":4},"end":{"line":165,"column":53}},"26":{"start":{"line":168,"column":2},"end":{"line":170,"column":3}},"27":{"start":{"line":169,"column":4},"end":{"line":169,"column":41}},"28":{"start":{"line":172,"column":2},"end":{"line":174,"column":3}},"29":{"start":{"line":173,"column":4},"end":{"line":173,"column":47}},"30":{"start":{"line":176,"column":2},"end":{"line":179,"column":3}},"31":{"start":{"line":177,"column":18},"end":{"line":177,"column":41}},"32":{"start":{"line":178,"column":4},"end":{"line":178,"column":74}},"33":{"start":{"line":181,"column":26},"end":{"line":181,"column":37}},"34":{"start":{"line":183,"column":2},"end":{"line":185,"column":3}},"35":{"start":{"line":184,"column":4},"end":{"line":184,"column":66}},"36":{"start":{"line":187,"column":2},"end":{"line":187,"column":35}}},"fnMap":{"0":{"name":"crearAdminBarrio","decl":{"start":{"line":35,"column":22},"end":{"line":35,"column":38}},"loc":{"start":{"line":35,"column":67},"end":{"line":52,"column":1}}},"1":{"name":"crearResidente","decl":{"start":{"line":66,"column":22},"end":{"line":66,"column":36}},"loc":{"start":{"line":66,"column":65},"end":{"line":83,"column":1}}},"2":{"name":"crearGuardia","decl":{"start":{"line":97,"column":22},"end":{"line":97,"column":34}},"loc":{"start":{"line":97,"column":63},"end":{"line":114,"column":1}}},"3":{"name":"obtenerUsuarioPorEmail","decl":{"start":{"line":127,"column":22},"end":{"line":127,"column":44}},"loc":{"start":{"line":127,"column":58},"end":{"line":139,"column":1}}},"4":{"name":"buscarUsuarios","decl":{"start":{"line":161,"column":22},"end":{"line":161,"column":36}},"loc":{"start":{"line":161,"column":67},"end":{"line":188,"column":1}}}},"branchMap":{"0":{"loc":{"start":{"line":47,"column":2},"end":{"line":49,"column":3}},"type":"if","locations":[{"start":{"line":47,"column":2},"end":{"line":49,"column":3}}]},"1":{"loc":{"start":{"line":78,"column":2},"end":{"line":80,"column":3}},"type":"if","locations":[{"start":{"line":78,"column":2},"end":{"line":80,"column":3}}]},"2":{"loc":{"start":{"line":109,"column":2},"end":{"line":111,"column":3}},"type":"if","locations":[{"start":{"line":109,"column":2},"end":{"line":111,"column":3}}]},"3":{"loc":{"start":{"line":134,"column":2},"end":{"line":136,"column":3}},"type":"if","locations":[{"start":{"line":134,"column":2},"end":{"line":136,"column":3}}]},"4":{"loc":{"start":{"line":164,"column":2},"end":{"line":166,"column":3}},"type":"if","locations":[{"start":{"line":164,"column":2},"end":{"line":166,"column":3}}]},"5":{"loc":{"start":{"line":168,"column":2},"end":{"line":170,"column":3}},"type":"if","locations":[{"start":{"line":168,"column":2},"end":{"line":170,"column":3}}]},"6":{"loc":{"start":{"line":172,"column":2},"end":{"line":174,"column":3}},"type":"if","locations":[{"start":{"line":172,"column":2},"end":{"line":174,"column":3}}]},"7":{"loc":{"start":{"line":176,"column":2},"end":{"line":179,"column":3}},"type":"if","locations":[{"start":{"line":176,"column":2},"end":{"line":179,"column":3}}]},"8":{"loc":{"start":{"line":183,"column":2},"end":{"line":185,"column":3}},"type":"if","locations":[{"start":{"line":183,"column":2},"end":{"line":185,"column":3}}]},"9":{"loc":{"start":{"line":187,"column":10},"end":{"line":187,"column":20}},"type":"binary-expr","locations":[{"start":{"line":187,"column":10},"end":{"line":187,"column":14}},{"start":{"line":187,"column":18},"end":{"line":187,"column":20}}]}},"s":{"0":1,"1":1,"2":1,"3":1,"4":1,"5":1,"6":1,"7":2,"8":2,"9":1,"10":1,"11":2,"12":2,"13":1,"14":1,"15":2,"16":2,"17":1,"18":1,"19":3,"20":3,"21":1,"22":2,"23":5,"24":5,"25":2,"26":5,"27":1,"28":5,"29":2,"30":5,"31":1,"32":1,"33":5,"34":5,"35":1,"36":4},"f":{"0":2,"1":2,"2":2,"3":3,"4":5},"b":{"0":[1],"1":[1],"2":[1],"3":[1],"4":[2],"5":[1],"6":[2],"7":[1],"8":[1],"9":[4,1]}}
,"/home/josu/Code/grupo-12/src/utils/roles.ts": {"path":"/home/josu/Code/grupo-12/src/utils/roles.ts","statementMap":{"0":{"start":{"line":3,"column":13},"end":{"line":7,"column":null}}},"fnMap":{},"branchMap":{},"s":{"0":1},"f":{},"b":{}}
}
