TN:
SF:services/usuarios.service.ts
FN:35,crearAdminBarrio
FN:66,crearResidente
FN:97,crearGuardia
FN:127,obtenerUsuarioPorEmail
FN:161,buscarUsuarios
FNF:5
FNH:5
FNDA:2,crearAdminBarrio
FNDA:2,crearResidente
FNDA:2,crearGuardia
FNDA:3,obtenerUsuarioPorEmail
FNDA:5,buscarUsuarios
DA:15,1
DA:21,1
DA:35,1
DA:37,2
DA:47,2
DA:48,1
DA:51,1
DA:66,1
DA:68,2
DA:78,2
DA:79,1
DA:82,1
DA:97,1
DA:99,2
DA:109,2
DA:110,1
DA:113,1
DA:127,1
DA:128,3
DA:134,3
DA:135,1
DA:138,2
DA:161,1
DA:162,5
DA:164,5
DA:165,2
DA:168,5
DA:169,1
DA:172,5
DA:173,2
DA:176,5
DA:177,1
DA:178,1
DA:181,5
DA:183,5
DA:184,1
DA:187,4
LF:37
LH:37
BRDA:47,0,0,1
BRDA:78,1,0,1
BRDA:109,2,0,1
BRDA:134,3,0,1
BRDA:164,4,0,2
BRDA:168,5,0,1
BRDA:172,6,0,2
BRDA:176,7,0,1
BRDA:183,8,0,1
BRDA:187,9,0,4
BRDA:187,9,1,1
BRF:11
BRH:11
end_of_record
TN:
SF:utils/roles.ts
FNF:0
FNH:0
DA:3,1
LF:1
LH:1
BRF:0
BRH:0
end_of_record
